<?xml version="1.0" encoding="UTF-8"?>
<!-- Generated by org.testng.reporters.JUnitReportReporter -->
<testsuite skipped="0" hostname="DESKTOP-HKU2K4H" name="Test.Test1" tests="5" failures="0" timestamp="2023-04-05T18:57:01 IST" time="43.903" errors="0">
  <testcase name="UserRegistration" time="6.953" classname="Test.Test1"/>
  <system-out/>
  <testcase name="UserRegistration" time="4.457" classname="Test.Test1"/>
  <system-out/>
  <testcase name="UserRegistration" time="5.552" classname="Test.Test1"/>
  <system-out/>
  <testcase name="UserRegistration" time="9.241" classname="Test.Test1"/>
  <system-out/>
  <testcase name="UserRegistration" time="17.700" classname="Test.Test1"/>
  <system-out/>
</testsuite> <!-- Test.Test1 -->
