<?xml version="1.0" encoding="UTF-8"?>
<!-- Generated by org.testng.reporters.JUnitReportReporter -->
<testsuite skipped="0" hostname="DESKTOP-HKU2K4H" name="Test.loginBTN" tests="1" failures="0" timestamp="2023-03-31T20:49:32 IST" time="12.332" errors="0">
  <testcase name="Loginpage" time="12.332" classname="Test.loginBTN"/>
  <system-out/>
</testsuite> <!-- Test.loginBTN -->
