<?xml version="1.0" encoding="UTF-8"?>
<!-- Generated by org.testng.reporters.JUnitReportReporter -->
<testsuite skipped="0" hostname="DESKTOP-HKU2K4H" name="Test.Registration" tests="1" failures="0" timestamp="2023-03-31T08:19:48 IST" time="21.604" errors="0">
  <testcase name="RegisterUser" time="21.604" classname="Test.Registration"/>
  <system-out/>
</testsuite> <!-- Test.Registration -->
