<?xml version="1.0" encoding="UTF-8"?>
<!-- Generated by org.testng.reporters.JUnitReportReporter -->
<testsuite skipped="0" hostname="DESKTOP-HKU2K4H" name="Test.loginTestClass" tests="5" failures="0" timestamp="2023-04-04T17:49:09 IST" time="26.946" errors="0">
  <testcase name="LoginUser" time="5.721" classname="Test.loginTestClass"/>
  <system-out/>
  <testcase name="LoginUser" time="3.811" classname="Test.loginTestClass"/>
  <system-out/>
  <testcase name="LoginUser" time="4.133" classname="Test.loginTestClass"/>
  <system-out/>
  <testcase name="LoginUser" time="7.820" classname="Test.loginTestClass"/>
  <system-out/>
  <testcase name="LoginUser" time="5.461" classname="Test.loginTestClass"/>
  <system-out/>
</testsuite> <!-- Test.loginTestClass -->
