<?xml version="1.0" encoding="UTF-8"?>
<!-- Generated by org.testng.reporters.JUnitReportReporter -->
<testsuite skipped="0" hostname="DESKTOP-HKU2K4H" name="Test.NewAccountTest" tests="1" failures="0" timestamp="2023-04-07T08:44:51 IST" time="6.892" errors="0">
  <testcase name="createNewAccount" time="6.892" classname="Test.NewAccountTest"/>
  <system-out/>
</testsuite> <!-- Test.NewAccountTest -->
